SF:lib\app\features\sing_up\sign_up_controller.dart
DA:11,1
DA:13,2
DA:15,2
DA:17,1
DA:18,1
DA:19,1
DA:22,1
DA:27,1
DA:28,1
DA:32,2
DA:37,1
DA:38,2
DA:40,1
DA:42,1
DA:43,1
DA:46,0
DA:49,1
DA:50,1
DA:51,1
DA:54,1
DA:55,1
DA:56,1
LF:22
LH:21
end_of_record
SF:lib\app\features\sing_up\sign_up_state.dart
DA:2,0
DA:13,1
LF:2
LH:1
end_of_record
SF:lib\app\models\user_model.dart
DA:9,2
DA:16,1
DA:17,1
DA:18,1
DA:19,1
DA:20,1
DA:21,1
DA:25,0
DA:26,0
DA:27,0
DA:28,0
DA:29,0
DA:30,0
DA:34,2
DA:35,1
DA:38,0
DA:39,0
LF:17
LH:9
end_of_record
SF:lib\app\services\secure_storage.dart
DA:4,0
DA:7,0
DA:8,0
DA:11,0
DA:12,0
DA:15,0
DA:16,0
DA:19,0
DA:20,0
DA:23,0
DA:24,0
LF:11
LH:0
end_of_record
