SF:lib\app\common\widgets\custom_flat_button.dart
DA:15,1
DA:26,0
DA:28,1
DA:29,1
DA:33,1
DA:35,1
DA:36,2
DA:37,1
DA:38,1
DA:39,2
DA:40,1
DA:41,6
DA:42,6
DA:44,1
DA:45,1
DA:47,2
DA:48,0
DA:50,0
DA:51,0
DA:52,0
DA:54,0
DA:60,0
DA:61,0
DA:62,0
DA:63,0
DA:67,1
DA:69,1
DA:70,1
DA:71,2
DA:72,1
DA:73,4
LF:31
LH:21
end_of_record
SF:lib\app\common\widgets\custom_form_field.dart
DA:15,2
DA:28,2
DA:29,2
DA:40,2
DA:42,2
DA:43,6
DA:46,2
DA:48,2
DA:49,0
DA:50,0
DA:51,0
DA:52,0
DA:53,0
DA:56,0
DA:57,0
DA:58,0
DA:59,0
DA:64,4
DA:65,4
DA:66,4
DA:68,4
DA:69,4
DA:70,2
DA:71,4
DA:72,2
DA:74,4
DA:75,4
DA:77,4
DA:80,4
DA:84,4
DA:89,0
DA:90,0
DA:91,0
DA:93,0
DA:94,0
LF:35
LH:21
end_of_record
SF:lib\app\common\widgets\custom_text_field.dart
DA:8,1
DA:15,1
DA:16,1
DA:20,1
DA:22,1
DA:23,2
DA:24,3
LF:7
LH:7
end_of_record
SF:lib\app\common\widgets\password_form_field.dart
DA:12,1
DA:20,0
DA:22,1
DA:23,1
DA:29,1
DA:31,1
DA:32,2
DA:33,2
DA:34,1
DA:35,2
DA:36,2
DA:37,2
DA:38,2
DA:39,1
DA:40,1
DA:41,0
DA:42,0
DA:43,0
DA:44,0
DA:48,2
LF:20
LH:15
end_of_record
SF:lib\app\features\sing_up\sign_up_controller.dart
DA:11,1
DA:13,2
DA:15,2
DA:17,1
DA:18,1
DA:19,1
DA:22,1
DA:27,1
DA:28,1
DA:32,2
DA:37,1
DA:38,2
DA:40,1
DA:42,1
DA:43,1
DA:46,0
DA:49,1
DA:50,1
DA:51,1
DA:54,1
DA:55,1
DA:56,1
LF:22
LH:21
end_of_record
SF:lib\app\features\sing_up\sign_up_state.dart
DA:2,0
DA:13,1
LF:2
LH:1
end_of_record
SF:lib\app\models\user_model.dart
DA:9,2
DA:16,1
DA:17,1
DA:18,1
DA:19,1
DA:20,1
DA:21,1
DA:25,0
DA:26,0
DA:27,0
DA:28,0
DA:29,0
DA:30,0
DA:34,2
DA:35,1
DA:38,0
DA:39,0
LF:17
LH:9
end_of_record
SF:lib\app\services\secure_storage.dart
DA:4,0
DA:7,0
DA:8,0
DA:11,0
DA:12,0
DA:15,0
DA:16,0
DA:19,0
DA:20,0
DA:23,0
DA:24,0
LF:11
LH:0
end_of_record
